<?xml version="1.0" encoding="UTF-8"?>
<!-- Generated by org.testng.reporters.JUnitReportReporter -->
<testsuite skipped="0" hostname="Jaffer-Macbook" name="com.kirasystems.seleniumtests.KiraSystemsSanityCheck" tests="1" failures="0" timestamp="02 Aug 2021 22:24:06 GMT" time="5.583" errors="0">
  <testcase name="searchKiraSystems" time="5.583" classname="com.kirasystems.seleniumtests.KiraSystemsSanityCheck"/>
</testsuite> <!-- com.kirasystems.seleniumtests.KiraSystemsSanityCheck -->
