<?xml version="1.0" encoding="UTF-8"?>
<!-- Generated by org.testng.reporters.JUnitReportReporter -->
<testsuite skipped="0" hostname="Jaffer-Macbook" name="com.kirasystems.apitests.GETArrivalUpdates" tests="3" failures="0" timestamp="02 Aug 2021 22:24:06 GMT" time="4.095" errors="0">
  <testcase name="getUpdatesonArrivals" time="3.478" classname="com.kirasystems.apitests.GETArrivalUpdates"/>
  <testcase name="getUpdatesonArrivals" time="0.315" classname="com.kirasystems.apitests.GETArrivalUpdates"/>
  <testcase name="getUpdatesonArrivals" time="0.302" classname="com.kirasystems.apitests.GETArrivalUpdates"/>
</testsuite> <!-- com.kirasystems.apitests.GETArrivalUpdates -->
